['D:\\BrainCLIP\\BrainGB-master\\examples\\example_main.py', '--dataset_name', 'FC_Y', '--pooling', 'concat', '--gcn_mp_type', 'edge_node_concate', '--hidden_dim', '256']
(K Fold Final Result)| avg_acc=66.67 +-  5.24, avg_auc=76.78 +- 6.19, avg_macro=65.64 +- 5.56

['D:\\BrainCLIP\\BrainGB-master\\examples\\example_main.py', '--dataset_name', 'FC_Y']
(K Fold Final Result)| avg_acc=58.52 +-  10.84, avg_auc=67.00 +- 11.52, avg_macro=57.36 +- 10.47

['D:\\BrainCLIP\\BrainGB-master\\examples\\example_main.py', '--dataset_name', 'FC_Y']
(K Fold Final Result)| avg_acc=59.26 +-  5.24, avg_auc=68.22 +- 5.96, avg_macro=57.74 +- 5.06

['D:\\BrainCLIP\\BrainGB-master\\examples\\example_main.py']
(K Fold Final Result)| avg_acc=60.00 +-  10.05, avg_auc=56.56 +- 1.84, avg_macro=58.07 +- 9.35

['D:\\BrainCLIP\\BrainGB-master\\examples\\example_main.py']
(K Fold Final Result)| avg_acc=60.74 +-  10.63, avg_auc=67.44 +- 10.33, avg_macro=59.27 +- 11.23

['D:\\BrainCLIP\\BrainGB-master\\examples\\example_main.py']
(K Fold Final Result)| avg_acc=57.76 +-  2.54, avg_auc=62.69 +- 5.03, avg_macro=57.10 +- 3.12

['D:\\BrainCLIP\\BrainGB-master\\examples\\example_main.py']
(K Fold Final Result)| avg_acc=57.04 +-  13.58, avg_auc=56.78 +- 11.36, avg_macro=55.91 +- 13.57

['D:\\BrainCLIP\\BrainGB-master\\examples\\example_main.py']
(K Fold Final Result)| avg_acc=61.48 +-  6.87, avg_auc=66.56 +- 5.34, avg_macro=60.20 +- 8.08

['D:\\BrainCLIP\\BrainGB-master\\examples\\example_main.py']
(K Fold Final Result)| avg_acc=66.67 +-  4.06, avg_auc=69.78 +- 5.54, avg_macro=65.67 +- 2.73

['D:\\BrainCLIP\\BrainGB-master\\examples\\example_main.py']
(K Fold Final Result)| avg_acc=57.04 +-  3.78, avg_auc=58.78 +- 4.13, avg_macro=55.34 +- 3.69

['D:\\BrainCLIP\\BrainGB-master\\examples\\example_main.py']
(K Fold Final Result)| avg_acc=57.78 +-  6.46, avg_auc=59.11 +- 8.65, avg_macro=57.03 +- 7.06

['D:\\BrainCLIP\\BrainGB-master\\examples\\example_main.py']
(K Fold Final Result)| avg_acc=62.22 +-  7.18, avg_auc=67.78 +- 7.37, avg_macro=59.33 +- 8.00

['D:\\BrainCLIP\\BrainGB-master\\examples\\example_main.py']
(K Fold Final Result)| avg_acc=57.78 +-  6.46, avg_auc=62.67 +- 5.46, avg_macro=57.06 +- 6.58

['D:\\BrainCLIP\\BrainGB-master\\examples\\example_main.py']
(K Fold Final Result)| avg_acc=59.26 +-  8.45, avg_auc=64.22 +- 7.44, avg_macro=58.69 +- 7.61

['D:\\BrainCLIP\\BrainGB-master\\examples\\example_main.py']
(K Fold Final Result)| avg_acc=62.22 +-  9.77, avg_auc=65.33 +- 13.12, avg_macro=61.85 +- 9.71

['D:\\BrainCLIP\\BrainGB-master\\examples\\example_main.py', '--dataset_name', 'FC_Y', '--view', '1', '--sparsity', '0.1', '--node_features', 'adj', '--pooling', 'concat', '--model_name', 'gcn', '--gcn_mp_type', 'weighted_sum', '--gat_mp_type', 'attention_weighted', '--n_GNN_layers', '2', '--n_MLP_layers', '1', '--num_heads', '2', '--hidden_dim', '16', '--gat_hidden_dim', '8', '--edge_emb_dim', '256', '--bucket_sz', '0.05', '--lr', '0.001', '--weight_decay', '0.0001', '--dropout', '0.5', '--repeat', '1', '--k_fold_splits', '5', '--epochs', '100', '--test_interval', '1', '--train_batch_size', '16', '--test_batch_size', '16', '--seed', '42', '--diff', '0.2', '--mixup', '1']
(K Fold Final Result)| avg_acc=64.44 +-  7.63, avg_auc=65.33 +- 7.84, avg_macro=63.84 +- 8.02

['D:\\BrainCLIP\\BrainGB-master\\examples\\example_main.py', '--dataset_name', 'FC_Y', '--view', '1', '--sparsity', '0.07', '--node_features', 'adj', '--pooling', 'concat', '--model_name', 'gcn', '--gcn_mp_type', 'weighted_sum', '--gat_mp_type', 'attention_weighted', '--n_GNN_layers', '2', '--n_MLP_layers', '1', '--num_heads', '2', '--hidden_dim', '16', '--gat_hidden_dim', '8', '--edge_emb_dim', '256', '--bucket_sz', '0.05', '--lr', '0.001', '--weight_decay', '0.0001', '--dropout', '0.5', '--repeat', '1', '--k_fold_splits', '5', '--epochs', '100', '--test_interval', '1', '--train_batch_size', '16', '--test_batch_size', '16', '--seed', '42', '--diff', '0.2', '--mixup', '1']
(K Fold Final Result)| avg_acc=60.74 +-  8.95, avg_auc=62.00 +- 5.32, avg_macro=59.59 +- 8.87

['D:\\BrainCLIP\\BrainGB-master\\examples\\example_main.py', '--dataset_name', 'FC_Y', '--view', '1', '--sparsity', '0.1', '--node_features', 'adj', '--pooling', 'concat', '--model_name', 'gcn', '--gcn_mp_type', 'weighted_sum', '--gat_mp_type', 'attention_weighted', '--n_GNN_layers', '2', '--n_MLP_layers', '1', '--num_heads', '2', '--hidden_dim', '16', '--gat_hidden_dim', '8', '--edge_emb_dim', '256', '--bucket_sz', '0.05', '--lr', '0.001', '--weight_decay', '0.001', '--dropout', '0.5', '--repeat', '1', '--k_fold_splits', '5', '--epochs', '100', '--test_interval', '1', '--train_batch_size', '16', '--test_batch_size', '16', '--seed', '42', '--diff', '0.2', '--mixup', '1']
(K Fold Final Result)| avg_acc=61.48 +-  8.95, avg_auc=63.44 +- 6.13, avg_macro=60.54 +- 9.51

['D:\\BrainCLIP\\BrainGB-master\\examples\\example_main.py', '--dataset_name', 'FC_Y', '--view', '1', '--sparsity', '0.1', '--node_features', 'adj', '--pooling', 'concat', '--model_name', 'gat', '--gcn_mp_type', 'weighted_sum', '--gat_mp_type', 'attention_weighted', '--n_GNN_layers', '2', '--n_MLP_layers', '1', '--num_heads', '2', '--hidden_dim', '16', '--gat_hidden_dim', '8', '--edge_emb_dim', '256', '--bucket_sz', '0.05', '--lr', '0.001', '--weight_decay', '0.001', '--dropout', '0.5', '--repeat', '1', '--k_fold_splits', '5', '--epochs', '100', '--test_interval', '1', '--train_batch_size', '16', '--test_batch_size', '16', '--seed', '42', '--diff', '0.2', '--mixup', '1']
(K Fold Final Result)| avg_acc=63.70 +-  4.32, avg_auc=62.22 +- 6.16, avg_macro=63.04 +- 4.94

['D:\\BrainCLIP\\BrainGB-master\\examples\\example_main.py', '--dataset_name', 'FC_Y', '--view', '1', '--sparsity', '1.0', '--node_features', 'adj', '--pooling', 'concat', '--model_name', 'gat', '--gcn_mp_type', 'weighted_sum', '--gat_mp_type', 'attention_weighted', '--n_GNN_layers', '2', '--n_MLP_layers', '1', '--num_heads', '2', '--hidden_dim', '16', '--gat_hidden_dim', '8', '--edge_emb_dim', '256', '--bucket_sz', '0.05', '--lr', '0.001', '--weight_decay', '0.001', '--dropout', '0.5', '--repeat', '1', '--k_fold_splits', '5', '--epochs', '100', '--test_interval', '1', '--train_batch_size', '16', '--test_batch_size', '16', '--seed', '42', '--diff', '0.2', '--mixup', '1']
(K Fold Final Result)| avg_acc=58.52 +-  9.77, avg_auc=66.00 +- 4.86, avg_macro=56.24 +- 10.53

['D:\\BrainCLIP\\BrainGB-master\\examples\\example_main.py', '--dataset_name', 'FC_Y', '--view', '1', '--sparsity', '0.1', '--node_features', 'adj', '--pooling', 'concat', '--model_name', 'gat', '--gcn_mp_type', 'weighted_sum', '--gat_mp_type', 'attention_weighted', '--n_GNN_layers', '2', '--n_MLP_layers', '1', '--num_heads', '4', '--hidden_dim', '16', '--gat_hidden_dim', '32', '--edge_emb_dim', '256', '--bucket_sz', '0.05', '--lr', '0.001', '--weight_decay', '0.001', '--dropout', '0.5', '--repeat', '1', '--k_fold_splits', '5', '--epochs', '100', '--test_interval', '1', '--train_batch_size', '16', '--test_batch_size', '16', '--seed', '42', '--diff', '0.2', '--mixup', '1']
(K Fold Final Result)| avg_acc=57.78 +-  8.95, avg_auc=56.33 +- 13.28, avg_macro=57.47 +- 9.30

['D:\\BrainCLIP\\BrainGB-master\\examples\\example_main.py', '--dataset_name', 'FC_Y', '--view', '1', '--sparsity', '0.1', '--node_features', 'adj', '--pooling', 'concat', '--model_name', 'gat', '--gcn_mp_type', 'weighted_sum', '--gat_mp_type', 'attention_weighted', '--n_GNN_layers', '2', '--n_MLP_layers', '1', '--num_heads', '2', '--hidden_dim', '16', '--gat_hidden_dim', '8', '--edge_emb_dim', '256', '--bucket_sz', '0.05', '--lr', '0.001', '--weight_decay', '0.001', '--dropout', '0.5', '--repeat', '1', '--k_fold_splits', '5', '--epochs', '100', '--test_interval', '1', '--train_batch_size', '16', '--test_batch_size', '16', '--seed', '42', '--diff', '0.2', '--mixup', '1']
(K Fold Final Result)| avg_acc=62.96 +-  2.34, avg_auc=62.56 +- 6.07, avg_macro=62.41 +- 2.66

['D:\\BrainCLIP\\BrainGB-master\\examples\\example_main.py', '--dataset_name', 'FC_Y', '--view', '1', '--sparsity', '0.1', '--node_features', 'adj', '--pooling', 'concat', '--model_name', 'gcn', '--gcn_mp_type', 'weighted_sum', '--gat_mp_type', 'attention_weighted', '--n_GNN_layers', '2', '--n_MLP_layers', '1', '--num_heads', '2', '--hidden_dim', '256', '--gat_hidden_dim', '8', '--edge_emb_dim', '256', '--bucket_sz', '0.05', '--lr', '0.001', '--weight_decay', '0.001', '--dropout', '0.5', '--repeat', '1', '--k_fold_splits', '5', '--epochs', '100', '--test_interval', '1', '--train_batch_size', '16', '--test_batch_size', '16', '--seed', '42', '--diff', '0.2', '--mixup', '1']
(K Fold Final Result)| avg_acc=57.04 +-  11.38, avg_auc=55.78 +- 12.28, avg_macro=55.62 +- 12.63

['D:\\BrainCLIP\\BrainGB-master\\examples\\example_main.py', '--dataset_name', 'FC_Y', '--view', '1', '--sparsity', '1.0', '--node_features', 'adj', '--pooling', 'concat', '--model_name', 'gcn', '--gcn_mp_type', 'weighted_sum', '--gat_mp_type', 'attention_weighted', '--n_GNN_layers', '2', '--n_MLP_layers', '1', '--num_heads', '2', '--hidden_dim', '256', '--gat_hidden_dim', '8', '--edge_emb_dim', '256', '--bucket_sz', '0.05', '--lr', '0.001', '--weight_decay', '0.001', '--dropout', '0.5', '--repeat', '1', '--k_fold_splits', '5', '--epochs', '100', '--test_interval', '1', '--train_batch_size', '16', '--test_batch_size', '16', '--seed', '42', '--diff', '0.2', '--mixup', '1']
(K Fold Final Result)| avg_acc=60.00 +-  4.32, avg_auc=68.11 +- 7.74, avg_macro=53.79 +- 11.25

['D:\\BrainCLIP\\BrainGB-master\\examples\\example_main.py', '--dataset_name', 'FC_Y', '--view', '1', '--sparsity', '1.0', '--node_features', 'adj', '--pooling', 'concat', '--model_name', 'gcn', '--gcn_mp_type', 'weighted_sum', '--gat_mp_type', 'attention_weighted', '--n_GNN_layers', '2', '--n_MLP_layers', '1', '--num_heads', '2', '--hidden_dim', '256', '--gat_hidden_dim', '8', '--edge_emb_dim', '256', '--bucket_sz', '0.05', '--lr', '0.0003', '--weight_decay', '0.001', '--dropout', '0.5', '--repeat', '1', '--k_fold_splits', '5', '--epochs', '100', '--test_interval', '1', '--train_batch_size', '16', '--test_batch_size', '16', '--seed', '42', '--diff', '0.2', '--mixup', '1']
(K Fold Final Result)| avg_acc=60.74 +-  1.81, avg_auc=66.33 +- 5.67, avg_macro=55.79 +- 3.99

['D:\\BrainCLIP\\BrainGB-master\\examples\\example_main.py', '--dataset_name', 'FC_Y', '--view', '1', '--sparsity', '0.1', '--node_features', 'adj', '--pooling', 'concat', '--model_name', 'gcn', '--gcn_mp_type', 'weighted_sum', '--gat_mp_type', 'attention_weighted', '--n_GNN_layers', '3', '--n_MLP_layers', '1', '--num_heads', '2', '--hidden_dim', '16', '--gat_hidden_dim', '8', '--edge_emb_dim', '256', '--bucket_sz', '0.05', '--lr', '0.0003', '--weight_decay', '0.0001', '--dropout', '0.3', '--repeat', '1', '--k_fold_splits', '5', '--epochs', '100', '--test_interval', '1', '--train_batch_size', '16', '--test_batch_size', '16', '--seed', '42', '--diff', '0.2', '--mixup', '1']
(K Fold Final Result)| avg_acc=58.52 +-  11.33, avg_auc=60.44 +- 9.97, avg_macro=57.57 +- 11.03

['D:\\BrainCLIP\\BrainGB-master\\examples\\example_main.py', '--dataset_name', 'FC_Y', '--view', '1', '--sparsity', '0.1', '--node_features', 'adj', '--pooling', 'concat', '--model_name', 'gcn', '--gcn_mp_type', 'weighted_sum', '--gat_mp_type', 'attention_weighted', '--n_GNN_layers', '2', '--n_MLP_layers', '1', '--num_heads', '2', '--hidden_dim', '32', '--gat_hidden_dim', '8', '--edge_emb_dim', '256', '--bucket_sz', '0.05', '--lr', '0.001', '--weight_decay', '0.0001', '--dropout', '0.5', '--repeat', '1', '--k_fold_splits', '5', '--epochs', '100', '--test_interval', '1', '--train_batch_size', '16', '--test_batch_size', '16', '--seed', '42', '--diff', '0.2', '--mixup', '1']
(K Fold Final Result)| avg_acc=56.30 +-  9.77, avg_auc=58.89 +- 10.98, avg_macro=55.62 +- 9.68

